2021-12-06 10:19:28,649 ERROR 5100 [-/127.0.0.1/-/7ms GET /ejs] nodejs.ReferenceError: C:\Users\cccatmint_Y\Desktop\docs\docs\egg相关\code\app\view\ejs_page\ejsdemo.html:11
    9| <body>
    10|     <h1>Render by Ejs.</h1>
 >> 11|     <h3><%= renderData.title %></h3>
    12|     <time><%= renderData.time %></time>
    13| 
    14|     <p>内容概览</p>

renderData is not defined
    9| <body>
    10|     <h1>Render by Ejs.</h1>
 >> 11|     <h3><%= renderData.title %></h3>
    12|     <time><%= renderData.time %></time>
    13| 
    14|     <p>内容概览</p>

renderData is not defined
    at eval (C:\Users\cccatmint_Y\Desktop\docs\docs\egg相关\code\app\view\ejs_page\ejsdemo.html:12:26)
    at ejsdemo (C:\Users\cccatmint_Y\Desktop\docs\docs\egg相关\code\node_modules\ejs\lib\ejs.js:682:17)
    at tryHandleCache (C:\Users\cccatmint_Y\Desktop\docs\docs\egg相关\code\node_modules\ejs\lib\ejs.js:254:36)
    at Object.exports.renderFile (C:\Users\cccatmint_Y\Desktop\docs\docs\egg相关\code\node_modules\ejs\lib\ejs.js:485:10)
    at C:\Users\cccatmint_Y\Desktop\docs\docs\egg相关\code\node_modules\egg-view-ejs\lib\view.js:16:11
    at new Promise (<anonymous>)
    at EjsView.[EjsView#_render] (C:\Users\cccatmint_Y\Desktop\docs\docs\egg相关\code\node_modules\egg-view-ejs\lib\view.js:15:12)
    at EjsView.render (C:\Users\cccatmint_Y\Desktop\docs\docs\egg相关\code\node_modules\egg-view-ejs\lib\view.js:28:36)
    at ContextView.[contextView#render] (C:\Users\cccatmint_Y\Desktop\docs\docs\egg相关\code\node_modules\egg-view\lib\context_view.js:70:23)
    at async EjsController.index (C:\Users\cccatmint_Y\Desktop\docs\docs\egg相关\code\app\controller\ejs.js:21:9)
path: "C:\\Users\\cccatmint_Y\\Desktop\\docs\\docs\\egg相关\\code\\app\\view\\ejs_page\\ejsdemo.html"
pid: 5100
hostname: LAPTOP-8N2FLHTM

2021-12-06 10:28:03,288 ERROR 34892 [-/127.0.0.1/-/2ms GET /ejs] nodejs.Error: Could not find the include file "&#39;../comment/header.html&#39;"
    at getIncludePath (C:\Users\cccatmint_Y\Desktop\docs\docs\egg相关\code\node_modules\ejs\lib\ejs.js:165:13)
    at includeSource (C:\Users\cccatmint_Y\Desktop\docs\docs\egg相关\code\node_modules\ejs\lib\ejs.js:309:17)
    at C:\Users\cccatmint_Y\Desktop\docs\docs\egg相关\code\node_modules\ejs\lib\ejs.js:745:26
    at Array.forEach (<anonymous>)
    at Template.generateSource (C:\Users\cccatmint_Y\Desktop\docs\docs\egg相关\code\node_modules\ejs\lib\ejs.js:721:15)
    at Template.compile (C:\Users\cccatmint_Y\Desktop\docs\docs\egg相关\code\node_modules\ejs\lib\ejs.js:574:12)
    at Object.compile (C:\Users\cccatmint_Y\Desktop\docs\docs\egg相关\code\node_modules\ejs\lib\ejs.js:392:16)
    at handleCache (C:\Users\cccatmint_Y\Desktop\docs\docs\egg相关\code\node_modules\ejs\lib\ejs.js:215:18)
    at tryHandleCache (C:\Users\cccatmint_Y\Desktop\docs\docs\egg相关\code\node_modules\ejs\lib\ejs.js:254:16)
    at Object.exports.renderFile (C:\Users\cccatmint_Y\Desktop\docs\docs\egg相关\code\node_modules\ejs\lib\ejs.js:485:10)

pid: 34892
hostname: LAPTOP-8N2FLHTM

2021-12-06 10:42:44,339 WARN 31872 [-/127.0.0.1/-/22ms POST /add] invalid csrf token. See https://eggjs.org/zh-cn/core/security.html#安全威胁csrf的防范
2021-12-06 10:42:44,340 WARN 31872 [-/127.0.0.1/-/23ms POST /add] nodejs.ForbiddenError: invalid csrf token
    at Object.throw (C:\Users\cccatmint_Y\Desktop\docs\docs\egg相关\code\node_modules\koa\lib\context.js:97:11)
    at Object.assertCsrf (C:\Users\cccatmint_Y\Desktop\docs\docs\egg相关\code\node_modules\egg-security\app\extend\context.js:162:32)
    at csrf (C:\Users\cccatmint_Y\Desktop\docs\docs\egg相关\code\node_modules\egg-security\lib\middlewares\csrf.js:33:9)
    at dispatch (C:\Users\cccatmint_Y\Desktop\docs\docs\egg相关\code\node_modules\egg-security\node_modules\koa-compose\index.js:42:32)
    at C:\Users\cccatmint_Y\Desktop\docs\docs\egg相关\code\node_modules\egg-security\node_modules\koa-compose\index.js:34:12
    at dispatch (C:\Users\cccatmint_Y\Desktop\docs\docs\egg相关\code\node_modules\koa\node_modules\koa-compose\index.js:42:32)
    at session (C:\Users\cccatmint_Y\Desktop\docs\docs\egg相关\code\node_modules\koa-session\index.js:41:13)
    at dispatch (C:\Users\cccatmint_Y\Desktop\docs\docs\egg相关\code\node_modules\koa\node_modules\koa-compose\index.js:42:32)
    at overrideMethod (C:\Users\cccatmint_Y\Desktop\docs\docs\egg相关\code\node_modules\koa-override\index.js:38:12)
    at dispatch (C:\Users\cccatmint_Y\Desktop\docs\docs\egg相关\code\node_modules\koa\node_modules\koa-compose\index.js:42:32)
message: "invalid csrf token"
pid: 31872
hostname: LAPTOP-8N2FLHTM

2021-12-06 10:42:46,856 WARN 31872 [-/127.0.0.1/-/0ms POST /add] invalid csrf token. See https://eggjs.org/zh-cn/core/security.html#安全威胁csrf的防范
2021-12-06 10:42:46,857 WARN 31872 [-/127.0.0.1/-/1ms POST /add] nodejs.ForbiddenError: invalid csrf token
    at Object.throw (C:\Users\cccatmint_Y\Desktop\docs\docs\egg相关\code\node_modules\koa\lib\context.js:97:11)
    at Object.assertCsrf (C:\Users\cccatmint_Y\Desktop\docs\docs\egg相关\code\node_modules\egg-security\app\extend\context.js:162:32)
    at csrf (C:\Users\cccatmint_Y\Desktop\docs\docs\egg相关\code\node_modules\egg-security\lib\middlewares\csrf.js:33:9)
    at dispatch (C:\Users\cccatmint_Y\Desktop\docs\docs\egg相关\code\node_modules\egg-security\node_modules\koa-compose\index.js:42:32)
    at C:\Users\cccatmint_Y\Desktop\docs\docs\egg相关\code\node_modules\egg-security\node_modules\koa-compose\index.js:34:12
    at dispatch (C:\Users\cccatmint_Y\Desktop\docs\docs\egg相关\code\node_modules\koa\node_modules\koa-compose\index.js:42:32)
    at session (C:\Users\cccatmint_Y\Desktop\docs\docs\egg相关\code\node_modules\koa-session\index.js:41:13)
    at dispatch (C:\Users\cccatmint_Y\Desktop\docs\docs\egg相关\code\node_modules\koa\node_modules\koa-compose\index.js:42:32)
    at overrideMethod (C:\Users\cccatmint_Y\Desktop\docs\docs\egg相关\code\node_modules\koa-override\index.js:38:12)
    at dispatch (C:\Users\cccatmint_Y\Desktop\docs\docs\egg相关\code\node_modules\koa\node_modules\koa-compose\index.js:42:32)
message: "invalid csrf token"
pid: 31872
hostname: LAPTOP-8N2FLHTM

2021-12-06 10:42:47,359 WARN 31872 [-/127.0.0.1/-/0ms POST /add] invalid csrf token. See https://eggjs.org/zh-cn/core/security.html#安全威胁csrf的防范
2021-12-06 10:42:47,360 WARN 31872 [-/127.0.0.1/-/1ms POST /add] nodejs.ForbiddenError: invalid csrf token
    at Object.throw (C:\Users\cccatmint_Y\Desktop\docs\docs\egg相关\code\node_modules\koa\lib\context.js:97:11)
    at Object.assertCsrf (C:\Users\cccatmint_Y\Desktop\docs\docs\egg相关\code\node_modules\egg-security\app\extend\context.js:162:32)
    at csrf (C:\Users\cccatmint_Y\Desktop\docs\docs\egg相关\code\node_modules\egg-security\lib\middlewares\csrf.js:33:9)
    at dispatch (C:\Users\cccatmint_Y\Desktop\docs\docs\egg相关\code\node_modules\egg-security\node_modules\koa-compose\index.js:42:32)
    at C:\Users\cccatmint_Y\Desktop\docs\docs\egg相关\code\node_modules\egg-security\node_modules\koa-compose\index.js:34:12
    at dispatch (C:\Users\cccatmint_Y\Desktop\docs\docs\egg相关\code\node_modules\koa\node_modules\koa-compose\index.js:42:32)
    at session (C:\Users\cccatmint_Y\Desktop\docs\docs\egg相关\code\node_modules\koa-session\index.js:41:13)
    at dispatch (C:\Users\cccatmint_Y\Desktop\docs\docs\egg相关\code\node_modules\koa\node_modules\koa-compose\index.js:42:32)
    at overrideMethod (C:\Users\cccatmint_Y\Desktop\docs\docs\egg相关\code\node_modules\koa-override\index.js:38:12)
    at dispatch (C:\Users\cccatmint_Y\Desktop\docs\docs\egg相关\code\node_modules\koa\node_modules\koa-compose\index.js:42:32)
message: "invalid csrf token"
pid: 31872
hostname: LAPTOP-8N2FLHTM

2021-12-06 10:42:47,873 WARN 31872 [-/127.0.0.1/-/1ms POST /add] invalid csrf token. See https://eggjs.org/zh-cn/core/security.html#安全威胁csrf的防范
2021-12-06 10:42:47,873 WARN 31872 [-/127.0.0.1/-/1ms POST /add] nodejs.ForbiddenError: invalid csrf token
    at Object.throw (C:\Users\cccatmint_Y\Desktop\docs\docs\egg相关\code\node_modules\koa\lib\context.js:97:11)
    at Object.assertCsrf (C:\Users\cccatmint_Y\Desktop\docs\docs\egg相关\code\node_modules\egg-security\app\extend\context.js:162:32)
    at csrf (C:\Users\cccatmint_Y\Desktop\docs\docs\egg相关\code\node_modules\egg-security\lib\middlewares\csrf.js:33:9)
    at dispatch (C:\Users\cccatmint_Y\Desktop\docs\docs\egg相关\code\node_modules\egg-security\node_modules\koa-compose\index.js:42:32)
    at C:\Users\cccatmint_Y\Desktop\docs\docs\egg相关\code\node_modules\egg-security\node_modules\koa-compose\index.js:34:12
    at dispatch (C:\Users\cccatmint_Y\Desktop\docs\docs\egg相关\code\node_modules\koa\node_modules\koa-compose\index.js:42:32)
    at session (C:\Users\cccatmint_Y\Desktop\docs\docs\egg相关\code\node_modules\koa-session\index.js:41:13)
    at dispatch (C:\Users\cccatmint_Y\Desktop\docs\docs\egg相关\code\node_modules\koa\node_modules\koa-compose\index.js:42:32)
    at overrideMethod (C:\Users\cccatmint_Y\Desktop\docs\docs\egg相关\code\node_modules\koa-override\index.js:38:12)
    at dispatch (C:\Users\cccatmint_Y\Desktop\docs\docs\egg相关\code\node_modules\koa\node_modules\koa-compose\index.js:42:32)
message: "invalid csrf token"
pid: 31872
hostname: LAPTOP-8N2FLHTM

2021-12-06 10:42:48,188 WARN 31872 [-/127.0.0.1/-/1ms POST /add] invalid csrf token. See https://eggjs.org/zh-cn/core/security.html#安全威胁csrf的防范
2021-12-06 10:42:48,188 WARN 31872 [-/127.0.0.1/-/1ms POST /add] nodejs.ForbiddenError: invalid csrf token
    at Object.throw (C:\Users\cccatmint_Y\Desktop\docs\docs\egg相关\code\node_modules\koa\lib\context.js:97:11)
    at Object.assertCsrf (C:\Users\cccatmint_Y\Desktop\docs\docs\egg相关\code\node_modules\egg-security\app\extend\context.js:162:32)
    at csrf (C:\Users\cccatmint_Y\Desktop\docs\docs\egg相关\code\node_modules\egg-security\lib\middlewares\csrf.js:33:9)
    at dispatch (C:\Users\cccatmint_Y\Desktop\docs\docs\egg相关\code\node_modules\egg-security\node_modules\koa-compose\index.js:42:32)
    at C:\Users\cccatmint_Y\Desktop\docs\docs\egg相关\code\node_modules\egg-security\node_modules\koa-compose\index.js:34:12
    at dispatch (C:\Users\cccatmint_Y\Desktop\docs\docs\egg相关\code\node_modules\koa\node_modules\koa-compose\index.js:42:32)
    at session (C:\Users\cccatmint_Y\Desktop\docs\docs\egg相关\code\node_modules\koa-session\index.js:41:13)
    at dispatch (C:\Users\cccatmint_Y\Desktop\docs\docs\egg相关\code\node_modules\koa\node_modules\koa-compose\index.js:42:32)
    at overrideMethod (C:\Users\cccatmint_Y\Desktop\docs\docs\egg相关\code\node_modules\koa-override\index.js:38:12)
    at dispatch (C:\Users\cccatmint_Y\Desktop\docs\docs\egg相关\code\node_modules\koa\node_modules\koa-compose\index.js:42:32)
message: "invalid csrf token"
pid: 31872
hostname: LAPTOP-8N2FLHTM

2021-12-06 10:48:25,725 WARN 9564 [-/127.0.0.1/-/14ms POST /add] invalid csrf token. See https://eggjs.org/zh-cn/core/security.html#安全威胁csrf的防范
2021-12-06 10:48:25,726 WARN 9564 [-/127.0.0.1/-/15ms POST /add] nodejs.ForbiddenError: invalid csrf token
    at Object.throw (C:\Users\cccatmint_Y\Desktop\docs\docs\egg相关\code\node_modules\koa\lib\context.js:97:11)
    at Object.assertCsrf (C:\Users\cccatmint_Y\Desktop\docs\docs\egg相关\code\node_modules\egg-security\app\extend\context.js:162:32)
    at csrf (C:\Users\cccatmint_Y\Desktop\docs\docs\egg相关\code\node_modules\egg-security\lib\middlewares\csrf.js:33:9)
    at dispatch (C:\Users\cccatmint_Y\Desktop\docs\docs\egg相关\code\node_modules\egg-security\node_modules\koa-compose\index.js:42:32)
    at C:\Users\cccatmint_Y\Desktop\docs\docs\egg相关\code\node_modules\egg-security\node_modules\koa-compose\index.js:34:12
    at dispatch (C:\Users\cccatmint_Y\Desktop\docs\docs\egg相关\code\node_modules\koa\node_modules\koa-compose\index.js:42:32)
    at session (C:\Users\cccatmint_Y\Desktop\docs\docs\egg相关\code\node_modules\koa-session\index.js:41:13)
    at dispatch (C:\Users\cccatmint_Y\Desktop\docs\docs\egg相关\code\node_modules\koa\node_modules\koa-compose\index.js:42:32)
    at overrideMethod (C:\Users\cccatmint_Y\Desktop\docs\docs\egg相关\code\node_modules\koa-override\index.js:38:12)
    at dispatch (C:\Users\cccatmint_Y\Desktop\docs\docs\egg相关\code\node_modules\koa\node_modules\koa-compose\index.js:42:32)
message: "invalid csrf token"
pid: 9564
hostname: LAPTOP-8N2FLHTM

2021-12-06 10:48:48,033 WARN 9564 [-/127.0.0.1/-/1ms POST /add] invalid csrf token. See https://eggjs.org/zh-cn/core/security.html#安全威胁csrf的防范
2021-12-06 10:48:48,033 WARN 9564 [-/127.0.0.1/-/1ms POST /add] nodejs.ForbiddenError: invalid csrf token
    at Object.throw (C:\Users\cccatmint_Y\Desktop\docs\docs\egg相关\code\node_modules\koa\lib\context.js:97:11)
    at Object.assertCsrf (C:\Users\cccatmint_Y\Desktop\docs\docs\egg相关\code\node_modules\egg-security\app\extend\context.js:162:32)
    at csrf (C:\Users\cccatmint_Y\Desktop\docs\docs\egg相关\code\node_modules\egg-security\lib\middlewares\csrf.js:33:9)
    at dispatch (C:\Users\cccatmint_Y\Desktop\docs\docs\egg相关\code\node_modules\egg-security\node_modules\koa-compose\index.js:42:32)
    at C:\Users\cccatmint_Y\Desktop\docs\docs\egg相关\code\node_modules\egg-security\node_modules\koa-compose\index.js:34:12
    at dispatch (C:\Users\cccatmint_Y\Desktop\docs\docs\egg相关\code\node_modules\koa\node_modules\koa-compose\index.js:42:32)
    at session (C:\Users\cccatmint_Y\Desktop\docs\docs\egg相关\code\node_modules\koa-session\index.js:41:13)
    at dispatch (C:\Users\cccatmint_Y\Desktop\docs\docs\egg相关\code\node_modules\koa\node_modules\koa-compose\index.js:42:32)
    at overrideMethod (C:\Users\cccatmint_Y\Desktop\docs\docs\egg相关\code\node_modules\koa-override\index.js:38:12)
    at dispatch (C:\Users\cccatmint_Y\Desktop\docs\docs\egg相关\code\node_modules\koa\node_modules\koa-compose\index.js:42:32)
message: "invalid csrf token"
pid: 9564
hostname: LAPTOP-8N2FLHTM

2021-12-06 10:48:49,372 WARN 9564 [-/127.0.0.1/-/1ms POST /add] invalid csrf token. See https://eggjs.org/zh-cn/core/security.html#安全威胁csrf的防范
2021-12-06 10:48:49,372 WARN 9564 [-/127.0.0.1/-/1ms POST /add] nodejs.ForbiddenError: invalid csrf token
    at Object.throw (C:\Users\cccatmint_Y\Desktop\docs\docs\egg相关\code\node_modules\koa\lib\context.js:97:11)
    at Object.assertCsrf (C:\Users\cccatmint_Y\Desktop\docs\docs\egg相关\code\node_modules\egg-security\app\extend\context.js:162:32)
    at csrf (C:\Users\cccatmint_Y\Desktop\docs\docs\egg相关\code\node_modules\egg-security\lib\middlewares\csrf.js:33:9)
    at dispatch (C:\Users\cccatmint_Y\Desktop\docs\docs\egg相关\code\node_modules\egg-security\node_modules\koa-compose\index.js:42:32)
    at C:\Users\cccatmint_Y\Desktop\docs\docs\egg相关\code\node_modules\egg-security\node_modules\koa-compose\index.js:34:12
    at dispatch (C:\Users\cccatmint_Y\Desktop\docs\docs\egg相关\code\node_modules\koa\node_modules\koa-compose\index.js:42:32)
    at session (C:\Users\cccatmint_Y\Desktop\docs\docs\egg相关\code\node_modules\koa-session\index.js:41:13)
    at dispatch (C:\Users\cccatmint_Y\Desktop\docs\docs\egg相关\code\node_modules\koa\node_modules\koa-compose\index.js:42:32)
    at overrideMethod (C:\Users\cccatmint_Y\Desktop\docs\docs\egg相关\code\node_modules\koa-override\index.js:38:12)
    at dispatch (C:\Users\cccatmint_Y\Desktop\docs\docs\egg相关\code\node_modules\koa\node_modules\koa-compose\index.js:42:32)
message: "invalid csrf token"
pid: 9564
hostname: LAPTOP-8N2FLHTM

2021-12-06 10:48:49,620 WARN 9564 [-/127.0.0.1/-/1ms POST /add] invalid csrf token. See https://eggjs.org/zh-cn/core/security.html#安全威胁csrf的防范
2021-12-06 10:48:49,620 WARN 9564 [-/127.0.0.1/-/1ms POST /add] nodejs.ForbiddenError: invalid csrf token
    at Object.throw (C:\Users\cccatmint_Y\Desktop\docs\docs\egg相关\code\node_modules\koa\lib\context.js:97:11)
    at Object.assertCsrf (C:\Users\cccatmint_Y\Desktop\docs\docs\egg相关\code\node_modules\egg-security\app\extend\context.js:162:32)
    at csrf (C:\Users\cccatmint_Y\Desktop\docs\docs\egg相关\code\node_modules\egg-security\lib\middlewares\csrf.js:33:9)
    at dispatch (C:\Users\cccatmint_Y\Desktop\docs\docs\egg相关\code\node_modules\egg-security\node_modules\koa-compose\index.js:42:32)
    at C:\Users\cccatmint_Y\Desktop\docs\docs\egg相关\code\node_modules\egg-security\node_modules\koa-compose\index.js:34:12
    at dispatch (C:\Users\cccatmint_Y\Desktop\docs\docs\egg相关\code\node_modules\koa\node_modules\koa-compose\index.js:42:32)
    at session (C:\Users\cccatmint_Y\Desktop\docs\docs\egg相关\code\node_modules\koa-session\index.js:41:13)
    at dispatch (C:\Users\cccatmint_Y\Desktop\docs\docs\egg相关\code\node_modules\koa\node_modules\koa-compose\index.js:42:32)
    at overrideMethod (C:\Users\cccatmint_Y\Desktop\docs\docs\egg相关\code\node_modules\koa-override\index.js:38:12)
    at dispatch (C:\Users\cccatmint_Y\Desktop\docs\docs\egg相关\code\node_modules\koa\node_modules\koa-compose\index.js:42:32)
message: "invalid csrf token"
pid: 9564
hostname: LAPTOP-8N2FLHTM

2021-12-06 10:48:49,883 WARN 9564 [-/127.0.0.1/-/1ms POST /add] invalid csrf token. See https://eggjs.org/zh-cn/core/security.html#安全威胁csrf的防范
2021-12-06 10:48:49,883 WARN 9564 [-/127.0.0.1/-/1ms POST /add] nodejs.ForbiddenError: invalid csrf token
    at Object.throw (C:\Users\cccatmint_Y\Desktop\docs\docs\egg相关\code\node_modules\koa\lib\context.js:97:11)
    at Object.assertCsrf (C:\Users\cccatmint_Y\Desktop\docs\docs\egg相关\code\node_modules\egg-security\app\extend\context.js:162:32)
    at csrf (C:\Users\cccatmint_Y\Desktop\docs\docs\egg相关\code\node_modules\egg-security\lib\middlewares\csrf.js:33:9)
    at dispatch (C:\Users\cccatmint_Y\Desktop\docs\docs\egg相关\code\node_modules\egg-security\node_modules\koa-compose\index.js:42:32)
    at C:\Users\cccatmint_Y\Desktop\docs\docs\egg相关\code\node_modules\egg-security\node_modules\koa-compose\index.js:34:12
    at dispatch (C:\Users\cccatmint_Y\Desktop\docs\docs\egg相关\code\node_modules\koa\node_modules\koa-compose\index.js:42:32)
    at session (C:\Users\cccatmint_Y\Desktop\docs\docs\egg相关\code\node_modules\koa-session\index.js:41:13)
    at dispatch (C:\Users\cccatmint_Y\Desktop\docs\docs\egg相关\code\node_modules\koa\node_modules\koa-compose\index.js:42:32)
    at overrideMethod (C:\Users\cccatmint_Y\Desktop\docs\docs\egg相关\code\node_modules\koa-override\index.js:38:12)
    at dispatch (C:\Users\cccatmint_Y\Desktop\docs\docs\egg相关\code\node_modules\koa\node_modules\koa-compose\index.js:42:32)
message: "invalid csrf token"
pid: 9564
hostname: LAPTOP-8N2FLHTM

2021-12-06 11:36:08,360 ERROR 28624 [-/127.0.0.1/-/2ms GET /] nodejs.ReferenceError: ctx is not defined
    at HomeController.index (C:\Users\cccatmint_Y\Desktop\docs\docs\egg相关\code\app\controller\home.js:5:37)
    at Object.callFn (C:\Users\cccatmint_Y\Desktop\docs\docs\egg相关\code\node_modules\egg-core\lib\utils\index.js:44:21)
    at Object.classControllerMiddleware (C:\Users\cccatmint_Y\Desktop\docs\docs\egg相关\code\node_modules\egg-core\lib\loader\mixin\controller.js:87:20)
    at Object.callFn (C:\Users\cccatmint_Y\Desktop\docs\docs\egg相关\code\node_modules\@eggjs\router\lib\utils.js:12:21)
    at wrappedController (C:\Users\cccatmint_Y\Desktop\docs\docs\egg相关\code\node_modules\@eggjs\router\lib\egg_router.js:322:18)
    at dispatch (C:\Users\cccatmint_Y\Desktop\docs\docs\egg相关\code\node_modules\koa-compose\index.js:44:32)
    at next (C:\Users\cccatmint_Y\Desktop\docs\docs\egg相关\code\node_modules\koa-compose\index.js:45:18)
    at C:\Users\cccatmint_Y\Desktop\docs\docs\egg相关\code\node_modules\@eggjs\router\lib\router.js:186:18
    at dispatch (C:\Users\cccatmint_Y\Desktop\docs\docs\egg相关\code\node_modules\koa-compose\index.js:44:32)
    at C:\Users\cccatmint_Y\Desktop\docs\docs\egg相关\code\node_modules\koa-compose\index.js:36:12

pid: 28624
hostname: LAPTOP-8N2FLHTM

