2021-12-06 10:19:28,647 ERROR 5100 [-/127.0.0.1/-/7ms GET /ejs] nodejs.ReferenceError: C:\Users\cccatmint_Y\Desktop\docs\docs\egg相关\code\app\view\ejs_page\ejsdemo.html:11
    9| <body>
    10|     <h1>Render by Ejs.</h1>
 >> 11|     <h3><%= renderData.title %></h3>
    12|     <time><%= renderData.time %></time>
    13| 
    14|     <p>内容概览</p>

renderData is not defined
    9| <body>
    10|     <h1>Render by Ejs.</h1>
 >> 11|     <h3><%= renderData.title %></h3>
    12|     <time><%= renderData.time %></time>
    13| 
    14|     <p>内容概览</p>

renderData is not defined
    at eval (C:\Users\cccatmint_Y\Desktop\docs\docs\egg相关\code\app\view\ejs_page\ejsdemo.html:12:26)
    at ejsdemo (C:\Users\cccatmint_Y\Desktop\docs\docs\egg相关\code\node_modules\ejs\lib\ejs.js:682:17)
    at tryHandleCache (C:\Users\cccatmint_Y\Desktop\docs\docs\egg相关\code\node_modules\ejs\lib\ejs.js:254:36)
    at Object.exports.renderFile (C:\Users\cccatmint_Y\Desktop\docs\docs\egg相关\code\node_modules\ejs\lib\ejs.js:485:10)
    at C:\Users\cccatmint_Y\Desktop\docs\docs\egg相关\code\node_modules\egg-view-ejs\lib\view.js:16:11
    at new Promise (<anonymous>)
    at EjsView.[EjsView#_render] (C:\Users\cccatmint_Y\Desktop\docs\docs\egg相关\code\node_modules\egg-view-ejs\lib\view.js:15:12)
    at EjsView.render (C:\Users\cccatmint_Y\Desktop\docs\docs\egg相关\code\node_modules\egg-view-ejs\lib\view.js:28:36)
    at ContextView.[contextView#render] (C:\Users\cccatmint_Y\Desktop\docs\docs\egg相关\code\node_modules\egg-view\lib\context_view.js:70:23)
    at async EjsController.index (C:\Users\cccatmint_Y\Desktop\docs\docs\egg相关\code\app\controller\ejs.js:21:9)
path: "C:\\Users\\cccatmint_Y\\Desktop\\docs\\docs\\egg相关\\code\\app\\view\\ejs_page\\ejsdemo.html"
pid: 5100
hostname: LAPTOP-8N2FLHTM

2021-12-06 10:28:03,287 ERROR 34892 [-/127.0.0.1/-/2ms GET /ejs] nodejs.Error: Could not find the include file "&#39;../comment/header.html&#39;"
    at getIncludePath (C:\Users\cccatmint_Y\Desktop\docs\docs\egg相关\code\node_modules\ejs\lib\ejs.js:165:13)
    at includeSource (C:\Users\cccatmint_Y\Desktop\docs\docs\egg相关\code\node_modules\ejs\lib\ejs.js:309:17)
    at C:\Users\cccatmint_Y\Desktop\docs\docs\egg相关\code\node_modules\ejs\lib\ejs.js:745:26
    at Array.forEach (<anonymous>)
    at Template.generateSource (C:\Users\cccatmint_Y\Desktop\docs\docs\egg相关\code\node_modules\ejs\lib\ejs.js:721:15)
    at Template.compile (C:\Users\cccatmint_Y\Desktop\docs\docs\egg相关\code\node_modules\ejs\lib\ejs.js:574:12)
    at Object.compile (C:\Users\cccatmint_Y\Desktop\docs\docs\egg相关\code\node_modules\ejs\lib\ejs.js:392:16)
    at handleCache (C:\Users\cccatmint_Y\Desktop\docs\docs\egg相关\code\node_modules\ejs\lib\ejs.js:215:18)
    at tryHandleCache (C:\Users\cccatmint_Y\Desktop\docs\docs\egg相关\code\node_modules\ejs\lib\ejs.js:254:16)
    at Object.exports.renderFile (C:\Users\cccatmint_Y\Desktop\docs\docs\egg相关\code\node_modules\ejs\lib\ejs.js:485:10)

pid: 34892
hostname: LAPTOP-8N2FLHTM

2021-12-06 10:43:42,654 ERROR 1152 nodejs.EPERMError: EPERM: operation not permitted, watch
    at FSEvent.FSWatcher._handle.onchange (node:internal/fs/watchers:204:21)
errno: -4048
syscall: "watch"
code: "EPERM"
filename: null
dir: "C:\\Users\\cccatmint_Y\\Desktop\\docs\\docs\\egg相关\\code\\app\\controller\\cookie.js"
name: "EPERMError"
pid: 1152
hostname: LAPTOP-8N2FLHTM

2021-12-06 11:36:08,358 ERROR 28624 [-/127.0.0.1/-/2ms GET /] nodejs.ReferenceError: ctx is not defined
    at HomeController.index (C:\Users\cccatmint_Y\Desktop\docs\docs\egg相关\code\app\controller\home.js:5:37)
    at Object.callFn (C:\Users\cccatmint_Y\Desktop\docs\docs\egg相关\code\node_modules\egg-core\lib\utils\index.js:44:21)
    at Object.classControllerMiddleware (C:\Users\cccatmint_Y\Desktop\docs\docs\egg相关\code\node_modules\egg-core\lib\loader\mixin\controller.js:87:20)
    at Object.callFn (C:\Users\cccatmint_Y\Desktop\docs\docs\egg相关\code\node_modules\@eggjs\router\lib\utils.js:12:21)
    at wrappedController (C:\Users\cccatmint_Y\Desktop\docs\docs\egg相关\code\node_modules\@eggjs\router\lib\egg_router.js:322:18)
    at dispatch (C:\Users\cccatmint_Y\Desktop\docs\docs\egg相关\code\node_modules\koa-compose\index.js:44:32)
    at next (C:\Users\cccatmint_Y\Desktop\docs\docs\egg相关\code\node_modules\koa-compose\index.js:45:18)
    at C:\Users\cccatmint_Y\Desktop\docs\docs\egg相关\code\node_modules\@eggjs\router\lib\router.js:186:18
    at dispatch (C:\Users\cccatmint_Y\Desktop\docs\docs\egg相关\code\node_modules\koa-compose\index.js:44:32)
    at C:\Users\cccatmint_Y\Desktop\docs\docs\egg相关\code\node_modules\koa-compose\index.js:36:12

pid: 28624
hostname: LAPTOP-8N2FLHTM

2021-12-06 15:39:11,092 ERROR 26728 nodejs.unhandledExceptionError: read ECONNRESET
    at TCP.onStreamRead (node:internal/stream_base_commons:220:20)
errno: -4077
code: "ECONNRESET"
syscall: "read"
name: "unhandledExceptionError"
pid: 26728
hostname: LAPTOP-8N2FLHTM

2021-12-06 16:51:12,627 ERROR 26728 nodejs.ClusterClientNoResponseError: client no response in 1640387ms exceeding maxIdleTime 60000ms, maybe the connection is close on other side.
    at Timeout._onTimeout (C:\Users\cccatmint_Y\Desktop\docs\docs\egg相关\code\node_modules\cluster-client\lib\leader.js:77:23)
    at listOnTimeout (node:internal/timers:557:17)
    at processTimers (node:internal/timers:500:7)
name: "ClusterClientNoResponseError"
pid: 26728
hostname: LAPTOP-8N2FLHTM

