2021-12-03 12:33:16,371 INFO 24024 [egg:logger] init all loggers with options: {"dir":"C:\\Users\\cccatmint_Y\\Desktop\\docs\\docs\\egg相关\\code\\logs\\code","encoding":"utf8","env":"local","level":"INFO","consoleLevel":"INFO","disableConsoleAfterReady":false,"outputJSON":false,"buffer":true,"appLogName":"code-web.log","coreLogName":"egg-web.log","agentLogName":"egg-agent.log","errorLogName":"common-error.log","coreLogger":{"consoleLevel":"WARN"},"allowDebugAtProd":false,"type":"application"}
2021-12-03 12:33:16,399 INFO 24024 [egg-multipart] stream mode enable
2021-12-03 12:33:16,565 INFO 24024 [egg-static] starting static serve /public/ -> C:\Users\cccatmint_Y\Desktop\docs\docs\egg相关\code\app\public
2021-12-03 12:33:16,569 INFO 24024 [egg-security] use csrf middleware
2021-12-03 12:33:16,571 INFO 24024 [egg-security] use methodnoallow middleware
2021-12-03 12:33:16,572 INFO 24024 [egg-security] use noopen middleware
2021-12-03 12:33:16,574 INFO 24024 [egg-security] use nosniff middleware
2021-12-03 12:33:16,575 INFO 24024 [egg-security] use xssProtection middleware
2021-12-03 12:33:16,576 INFO 24024 [egg-security] use xframe middleware
2021-12-03 12:33:16,576 INFO 24024 [egg-security] use dta middleware
2021-12-03 12:33:16,576 INFO 24024 [egg-security] compose 7 middlewares into one security middleware
2021-12-03 12:33:16,585 INFO 24024 [egg:core] dump config after load, 5ms
2021-12-03 12:33:16,595 INFO 24024 [egg-watcher:application] watcher start success
2021-12-03 12:33:16,602 INFO 24024 [egg:core] dump config after ready, 6ms
2021-12-03 13:02:05,156 INFO 28228 [egg:logger] init all loggers with options: {"dir":"C:\\Users\\cccatmint_Y\\Desktop\\docs\\docs\\egg相关\\code\\logs\\code","encoding":"utf8","env":"local","level":"INFO","consoleLevel":"INFO","disableConsoleAfterReady":false,"outputJSON":false,"buffer":true,"appLogName":"code-web.log","coreLogName":"egg-web.log","agentLogName":"egg-agent.log","errorLogName":"common-error.log","coreLogger":{"consoleLevel":"WARN"},"allowDebugAtProd":false,"type":"application"}
2021-12-03 13:02:05,183 INFO 28228 [egg-multipart] stream mode enable
2021-12-03 13:02:05,308 INFO 28228 [egg-static] starting static serve /public/ -> C:\Users\cccatmint_Y\Desktop\docs\docs\egg相关\code\app\public
2021-12-03 13:02:05,311 INFO 28228 [egg-security] use csrf middleware
2021-12-03 13:02:05,312 INFO 28228 [egg-security] use methodnoallow middleware
2021-12-03 13:02:05,313 INFO 28228 [egg-security] use noopen middleware
2021-12-03 13:02:05,314 INFO 28228 [egg-security] use nosniff middleware
2021-12-03 13:02:05,315 INFO 28228 [egg-security] use xssProtection middleware
2021-12-03 13:02:05,316 INFO 28228 [egg-security] use xframe middleware
2021-12-03 13:02:05,316 INFO 28228 [egg-security] use dta middleware
2021-12-03 13:02:05,316 INFO 28228 [egg-security] compose 7 middlewares into one security middleware
2021-12-03 13:02:05,325 INFO 28228 [egg:core] dump config after load, 4ms
2021-12-03 13:02:05,336 INFO 28228 [egg-watcher:application] watcher start success
2021-12-03 13:02:05,342 INFO 28228 [egg:core] dump config after ready, 5ms
2021-12-03 13:02:14,988 INFO 28228 [egg-view-nunjucks] loading templates from ["C:\\Users\\cccatmint_Y\\Desktop\\docs\\docs\\egg相关\\code\\app\\view"]
2021-12-03 13:03:18,285 INFO 28540 [egg:logger] init all loggers with options: {"dir":"C:\\Users\\cccatmint_Y\\Desktop\\docs\\docs\\egg相关\\code\\logs\\code","encoding":"utf8","env":"local","level":"INFO","consoleLevel":"INFO","disableConsoleAfterReady":false,"outputJSON":false,"buffer":true,"appLogName":"code-web.log","coreLogName":"egg-web.log","agentLogName":"egg-agent.log","errorLogName":"common-error.log","coreLogger":{"consoleLevel":"WARN"},"allowDebugAtProd":false,"type":"application"}
2021-12-03 13:03:18,315 INFO 28540 [egg-multipart] stream mode enable
2021-12-03 13:03:18,452 INFO 28540 [egg-static] starting static serve /public/ -> C:\Users\cccatmint_Y\Desktop\docs\docs\egg相关\code\app\public
2021-12-03 13:03:18,455 INFO 28540 [egg-security] use csrf middleware
2021-12-03 13:03:18,456 INFO 28540 [egg-security] use methodnoallow middleware
2021-12-03 13:03:18,457 INFO 28540 [egg-security] use noopen middleware
2021-12-03 13:03:18,459 INFO 28540 [egg-security] use nosniff middleware
2021-12-03 13:03:18,459 INFO 28540 [egg-security] use xssProtection middleware
2021-12-03 13:03:18,460 INFO 28540 [egg-security] use xframe middleware
2021-12-03 13:03:18,461 INFO 28540 [egg-security] use dta middleware
2021-12-03 13:03:18,461 INFO 28540 [egg-security] compose 7 middlewares into one security middleware
2021-12-03 13:03:18,471 INFO 28540 [egg:core] dump config after load, 4ms
2021-12-03 13:03:18,479 INFO 28540 [egg-watcher:application] watcher start success
2021-12-03 13:03:18,485 INFO 28540 [egg:core] dump config after ready, 5ms
2021-12-03 13:03:26,541 INFO 23232 [egg:logger] init all loggers with options: {"dir":"C:\\Users\\cccatmint_Y\\Desktop\\docs\\docs\\egg相关\\code\\logs\\code","encoding":"utf8","env":"local","level":"INFO","consoleLevel":"INFO","disableConsoleAfterReady":false,"outputJSON":false,"buffer":true,"appLogName":"code-web.log","coreLogName":"egg-web.log","agentLogName":"egg-agent.log","errorLogName":"common-error.log","coreLogger":{"consoleLevel":"WARN"},"allowDebugAtProd":false,"type":"application"}
2021-12-03 13:03:26,568 INFO 23232 [egg-multipart] stream mode enable
2021-12-03 13:03:26,693 INFO 23232 [egg-static] starting static serve /public/ -> C:\Users\cccatmint_Y\Desktop\docs\docs\egg相关\code\app\public
2021-12-03 13:03:26,697 INFO 23232 [egg-security] use csrf middleware
2021-12-03 13:03:26,698 INFO 23232 [egg-security] use methodnoallow middleware
2021-12-03 13:03:26,699 INFO 23232 [egg-security] use noopen middleware
2021-12-03 13:03:26,700 INFO 23232 [egg-security] use nosniff middleware
2021-12-03 13:03:26,700 INFO 23232 [egg-security] use xssProtection middleware
2021-12-03 13:03:26,701 INFO 23232 [egg-security] use xframe middleware
2021-12-03 13:03:26,702 INFO 23232 [egg-security] use dta middleware
2021-12-03 13:03:26,702 INFO 23232 [egg-security] compose 7 middlewares into one security middleware
2021-12-03 13:03:26,710 INFO 23232 [egg:core] dump config after load, 4ms
2021-12-03 13:03:26,720 INFO 23232 [egg-watcher:application] watcher start success
2021-12-03 13:03:26,726 INFO 23232 [egg:core] dump config after ready, 5ms
2021-12-03 13:04:00,079 INFO 28344 [egg:logger] init all loggers with options: {"dir":"C:\\Users\\cccatmint_Y\\Desktop\\docs\\docs\\egg相关\\code\\logs\\code","encoding":"utf8","env":"local","level":"INFO","consoleLevel":"INFO","disableConsoleAfterReady":false,"outputJSON":false,"buffer":true,"appLogName":"code-web.log","coreLogName":"egg-web.log","agentLogName":"egg-agent.log","errorLogName":"common-error.log","coreLogger":{"consoleLevel":"WARN"},"allowDebugAtProd":false,"type":"application"}
2021-12-03 13:04:00,108 INFO 28344 [egg-multipart] stream mode enable
2021-12-03 13:04:00,251 INFO 28344 [egg-static] starting static serve /public/ -> C:\Users\cccatmint_Y\Desktop\docs\docs\egg相关\code\app\public
2021-12-03 13:04:00,254 INFO 28344 [egg-security] use csrf middleware
2021-12-03 13:04:00,255 INFO 28344 [egg-security] use methodnoallow middleware
2021-12-03 13:04:00,256 INFO 28344 [egg-security] use noopen middleware
2021-12-03 13:04:00,257 INFO 28344 [egg-security] use nosniff middleware
2021-12-03 13:04:00,258 INFO 28344 [egg-security] use xssProtection middleware
2021-12-03 13:04:00,259 INFO 28344 [egg-security] use xframe middleware
2021-12-03 13:04:00,260 INFO 28344 [egg-security] use dta middleware
2021-12-03 13:04:00,260 INFO 28344 [egg-security] compose 7 middlewares into one security middleware
2021-12-03 13:04:00,269 INFO 28344 [egg:core] dump config after load, 4ms
2021-12-03 13:04:00,277 INFO 28344 [egg-watcher:application] watcher start success
2021-12-03 13:04:00,283 INFO 28344 [egg:core] dump config after ready, 5ms
2021-12-03 13:04:04,297 INFO 25060 [egg:logger] init all loggers with options: {"dir":"C:\\Users\\cccatmint_Y\\Desktop\\docs\\docs\\egg相关\\code\\logs\\code","encoding":"utf8","env":"local","level":"INFO","consoleLevel":"INFO","disableConsoleAfterReady":false,"outputJSON":false,"buffer":true,"appLogName":"code-web.log","coreLogName":"egg-web.log","agentLogName":"egg-agent.log","errorLogName":"common-error.log","coreLogger":{"consoleLevel":"WARN"},"allowDebugAtProd":false,"type":"application"}
2021-12-03 13:04:04,325 INFO 25060 [egg-multipart] stream mode enable
2021-12-03 13:04:04,458 INFO 25060 [egg-static] starting static serve /public/ -> C:\Users\cccatmint_Y\Desktop\docs\docs\egg相关\code\app\public
2021-12-03 13:04:04,462 INFO 25060 [egg-security] use csrf middleware
2021-12-03 13:04:04,463 INFO 25060 [egg-security] use methodnoallow middleware
2021-12-03 13:04:04,464 INFO 25060 [egg-security] use noopen middleware
2021-12-03 13:04:04,465 INFO 25060 [egg-security] use nosniff middleware
2021-12-03 13:04:04,466 INFO 25060 [egg-security] use xssProtection middleware
2021-12-03 13:04:04,466 INFO 25060 [egg-security] use xframe middleware
2021-12-03 13:04:04,467 INFO 25060 [egg-security] use dta middleware
2021-12-03 13:04:04,467 INFO 25060 [egg-security] compose 7 middlewares into one security middleware
2021-12-03 13:04:04,477 INFO 25060 [egg:core] dump config after load, 5ms
2021-12-03 13:04:04,484 INFO 25060 [egg-watcher:application] watcher start success
2021-12-03 13:04:04,491 INFO 25060 [egg:core] dump config after ready, 6ms
2021-12-03 13:04:13,111 INFO 8976 [egg:logger] init all loggers with options: {"dir":"C:\\Users\\cccatmint_Y\\Desktop\\docs\\docs\\egg相关\\code\\logs\\code","encoding":"utf8","env":"local","level":"INFO","consoleLevel":"INFO","disableConsoleAfterReady":false,"outputJSON":false,"buffer":true,"appLogName":"code-web.log","coreLogName":"egg-web.log","agentLogName":"egg-agent.log","errorLogName":"common-error.log","coreLogger":{"consoleLevel":"WARN"},"allowDebugAtProd":false,"type":"application"}
2021-12-03 13:04:13,138 INFO 8976 [egg-multipart] stream mode enable
2021-12-03 13:04:13,266 INFO 8976 [egg-static] starting static serve /public/ -> C:\Users\cccatmint_Y\Desktop\docs\docs\egg相关\code\app\public
2021-12-03 13:04:13,269 INFO 8976 [egg-security] use csrf middleware
2021-12-03 13:04:13,270 INFO 8976 [egg-security] use methodnoallow middleware
2021-12-03 13:04:13,271 INFO 8976 [egg-security] use noopen middleware
2021-12-03 13:04:13,272 INFO 8976 [egg-security] use nosniff middleware
2021-12-03 13:04:13,272 INFO 8976 [egg-security] use xssProtection middleware
2021-12-03 13:04:13,273 INFO 8976 [egg-security] use xframe middleware
2021-12-03 13:04:13,274 INFO 8976 [egg-security] use dta middleware
2021-12-03 13:04:13,274 INFO 8976 [egg-security] compose 7 middlewares into one security middleware
2021-12-03 13:04:13,283 INFO 8976 [egg:core] dump config after load, 4ms
2021-12-03 13:04:13,291 INFO 8976 [egg-watcher:application] watcher start success
2021-12-03 13:04:13,297 INFO 8976 [egg:core] dump config after ready, 5ms
2021-12-03 13:05:53,881 INFO 30376 [egg:logger] init all loggers with options: {"dir":"C:\\Users\\cccatmint_Y\\Desktop\\docs\\docs\\egg相关\\code\\logs\\code","encoding":"utf8","env":"local","level":"INFO","consoleLevel":"INFO","disableConsoleAfterReady":false,"outputJSON":false,"buffer":true,"appLogName":"code-web.log","coreLogName":"egg-web.log","agentLogName":"egg-agent.log","errorLogName":"common-error.log","coreLogger":{"consoleLevel":"WARN"},"allowDebugAtProd":false,"type":"application"}
2021-12-03 13:05:53,912 INFO 30376 [egg-multipart] stream mode enable
2021-12-03 13:05:54,057 INFO 30376 [egg-static] starting static serve /public/ -> C:\Users\cccatmint_Y\Desktop\docs\docs\egg相关\code\app\public
2021-12-03 13:05:54,060 INFO 30376 [egg-security] use csrf middleware
2021-12-03 13:05:54,063 INFO 30376 [egg-security] use methodnoallow middleware
2021-12-03 13:05:54,064 INFO 30376 [egg-security] use noopen middleware
2021-12-03 13:05:54,065 INFO 30376 [egg-security] use nosniff middleware
2021-12-03 13:05:54,066 INFO 30376 [egg-security] use xssProtection middleware
2021-12-03 13:05:54,067 INFO 30376 [egg-security] use xframe middleware
2021-12-03 13:05:54,068 INFO 30376 [egg-security] use dta middleware
2021-12-03 13:05:54,068 INFO 30376 [egg-security] compose 7 middlewares into one security middleware
2021-12-03 13:05:54,077 INFO 30376 [egg:core] dump config after load, 4ms
2021-12-03 13:05:54,085 INFO 30376 [egg-watcher:application] watcher start success
2021-12-03 13:05:54,091 INFO 30376 [egg:core] dump config after ready, 5ms
