2021-12-03 12:33:16,608 INFO 29568 [Timer] C:\Users\cccatmint_Y\Desktop\docs\docs\egg相关\code\node_modules\egg-multipart\app\schedule\clean_tmpdir.js next time will execute after 57403394ms at 2021-12-04 04:30:00.002
2021-12-03 12:33:16,608 INFO 29568 [Timer] C:\Users\cccatmint_Y\Desktop\docs\docs\egg相关\code\node_modules\egg-logrotator\app\schedule\clean_log.js next time will execute after 41203392ms at 2021-12-04 00:00:00.000
2021-12-03 12:33:16,609 INFO 29568 [Timer] C:\Users\cccatmint_Y\Desktop\docs\docs\egg相关\code\node_modules\egg-logrotator\app\schedule\rotate_by_file.js next time will execute after 41204392ms at 2021-12-04 00:00:01.001
2021-12-03 12:33:16,398 INFO 24024 [egg-schedule]: register schedule C:\Users\cccatmint_Y\Desktop\docs\docs\egg相关\code\node_modules\egg-multipart\app\schedule\clean_tmpdir.js
2021-12-03 12:33:16,398 INFO 24024 [egg-schedule]: register schedule C:\Users\cccatmint_Y\Desktop\docs\docs\egg相关\code\node_modules\egg-logrotator\app\schedule\clean_log.js
2021-12-03 12:33:16,398 INFO 24024 [egg-schedule]: register schedule C:\Users\cccatmint_Y\Desktop\docs\docs\egg相关\code\node_modules\egg-logrotator\app\schedule\rotate_by_file.js
2021-12-03 13:02:05,182 INFO 28228 [egg-schedule]: register schedule C:\Users\cccatmint_Y\Desktop\docs\docs\egg相关\code\node_modules\egg-multipart\app\schedule\clean_tmpdir.js
2021-12-03 13:02:05,182 INFO 28228 [egg-schedule]: register schedule C:\Users\cccatmint_Y\Desktop\docs\docs\egg相关\code\node_modules\egg-logrotator\app\schedule\clean_log.js
2021-12-03 13:02:05,183 INFO 28228 [egg-schedule]: register schedule C:\Users\cccatmint_Y\Desktop\docs\docs\egg相关\code\node_modules\egg-logrotator\app\schedule\rotate_by_file.js
2021-12-03 13:02:05,347 INFO 16916 [Timer] C:\Users\cccatmint_Y\Desktop\docs\docs\egg相关\code\node_modules\egg-multipart\app\schedule\clean_tmpdir.js next time will execute after 55674655ms at 2021-12-04 04:30:00.002
2021-12-03 13:02:05,347 INFO 16916 [Timer] C:\Users\cccatmint_Y\Desktop\docs\docs\egg相关\code\node_modules\egg-logrotator\app\schedule\clean_log.js next time will execute after 39474653ms at 2021-12-04 00:00:00.000
2021-12-03 13:02:05,347 INFO 16916 [Timer] C:\Users\cccatmint_Y\Desktop\docs\docs\egg相关\code\node_modules\egg-logrotator\app\schedule\rotate_by_file.js next time will execute after 39475653ms at 2021-12-04 00:00:01.000
2021-12-03 13:03:18,314 INFO 28540 [egg-schedule]: register schedule C:\Users\cccatmint_Y\Desktop\docs\docs\egg相关\code\node_modules\egg-multipart\app\schedule\clean_tmpdir.js
2021-12-03 13:03:18,315 INFO 28540 [egg-schedule]: register schedule C:\Users\cccatmint_Y\Desktop\docs\docs\egg相关\code\node_modules\egg-logrotator\app\schedule\clean_log.js
2021-12-03 13:03:18,315 INFO 28540 [egg-schedule]: register schedule C:\Users\cccatmint_Y\Desktop\docs\docs\egg相关\code\node_modules\egg-logrotator\app\schedule\rotate_by_file.js
2021-12-03 13:03:26,567 INFO 23232 [egg-schedule]: register schedule C:\Users\cccatmint_Y\Desktop\docs\docs\egg相关\code\node_modules\egg-multipart\app\schedule\clean_tmpdir.js
2021-12-03 13:03:26,568 INFO 23232 [egg-schedule]: register schedule C:\Users\cccatmint_Y\Desktop\docs\docs\egg相关\code\node_modules\egg-logrotator\app\schedule\clean_log.js
2021-12-03 13:03:26,568 INFO 23232 [egg-schedule]: register schedule C:\Users\cccatmint_Y\Desktop\docs\docs\egg相关\code\node_modules\egg-logrotator\app\schedule\rotate_by_file.js
2021-12-03 13:03:26,731 INFO 29840 [Timer] C:\Users\cccatmint_Y\Desktop\docs\docs\egg相关\code\node_modules\egg-multipart\app\schedule\clean_tmpdir.js next time will execute after 55593271ms at 2021-12-04 04:30:00.002
2021-12-03 13:03:26,731 INFO 29840 [Timer] C:\Users\cccatmint_Y\Desktop\docs\docs\egg相关\code\node_modules\egg-logrotator\app\schedule\clean_log.js next time will execute after 39393269ms at 2021-12-04 00:00:00.000
2021-12-03 13:03:26,732 INFO 29840 [Timer] C:\Users\cccatmint_Y\Desktop\docs\docs\egg相关\code\node_modules\egg-logrotator\app\schedule\rotate_by_file.js next time will execute after 39394269ms at 2021-12-04 00:00:01.001
2021-12-03 13:04:00,107 INFO 28344 [egg-schedule]: register schedule C:\Users\cccatmint_Y\Desktop\docs\docs\egg相关\code\node_modules\egg-multipart\app\schedule\clean_tmpdir.js
2021-12-03 13:04:00,107 INFO 28344 [egg-schedule]: register schedule C:\Users\cccatmint_Y\Desktop\docs\docs\egg相关\code\node_modules\egg-logrotator\app\schedule\clean_log.js
2021-12-03 13:04:00,107 INFO 28344 [egg-schedule]: register schedule C:\Users\cccatmint_Y\Desktop\docs\docs\egg相关\code\node_modules\egg-logrotator\app\schedule\rotate_by_file.js
2021-12-03 13:04:04,324 INFO 25060 [egg-schedule]: register schedule C:\Users\cccatmint_Y\Desktop\docs\docs\egg相关\code\node_modules\egg-multipart\app\schedule\clean_tmpdir.js
2021-12-03 13:04:04,324 INFO 25060 [egg-schedule]: register schedule C:\Users\cccatmint_Y\Desktop\docs\docs\egg相关\code\node_modules\egg-logrotator\app\schedule\clean_log.js
2021-12-03 13:04:04,324 INFO 25060 [egg-schedule]: register schedule C:\Users\cccatmint_Y\Desktop\docs\docs\egg相关\code\node_modules\egg-logrotator\app\schedule\rotate_by_file.js
2021-12-03 13:04:13,138 INFO 8976 [egg-schedule]: register schedule C:\Users\cccatmint_Y\Desktop\docs\docs\egg相关\code\node_modules\egg-multipart\app\schedule\clean_tmpdir.js
2021-12-03 13:04:13,138 INFO 8976 [egg-schedule]: register schedule C:\Users\cccatmint_Y\Desktop\docs\docs\egg相关\code\node_modules\egg-logrotator\app\schedule\clean_log.js
2021-12-03 13:04:13,138 INFO 8976 [egg-schedule]: register schedule C:\Users\cccatmint_Y\Desktop\docs\docs\egg相关\code\node_modules\egg-logrotator\app\schedule\rotate_by_file.js
2021-12-03 13:05:53,912 INFO 30376 [egg-schedule]: register schedule C:\Users\cccatmint_Y\Desktop\docs\docs\egg相关\code\node_modules\egg-multipart\app\schedule\clean_tmpdir.js
2021-12-03 13:05:53,912 INFO 30376 [egg-schedule]: register schedule C:\Users\cccatmint_Y\Desktop\docs\docs\egg相关\code\node_modules\egg-logrotator\app\schedule\clean_log.js
2021-12-03 13:05:53,912 INFO 30376 [egg-schedule]: register schedule C:\Users\cccatmint_Y\Desktop\docs\docs\egg相关\code\node_modules\egg-logrotator\app\schedule\rotate_by_file.js
2021-12-06 09:57:26,025 INFO 35488 [egg-schedule]: register schedule C:\Users\cccatmint_Y\Desktop\docs\docs\egg相关\code\node_modules\egg-multipart\app\schedule\clean_tmpdir.js
2021-12-06 09:57:26,025 INFO 35488 [egg-schedule]: register schedule C:\Users\cccatmint_Y\Desktop\docs\docs\egg相关\code\node_modules\egg-logrotator\app\schedule\clean_log.js
2021-12-06 09:57:26,026 INFO 35488 [egg-schedule]: register schedule C:\Users\cccatmint_Y\Desktop\docs\docs\egg相关\code\node_modules\egg-logrotator\app\schedule\rotate_by_file.js
2021-12-06 09:57:26,206 INFO 18572 [Timer] C:\Users\cccatmint_Y\Desktop\docs\docs\egg相关\code\node_modules\egg-multipart\app\schedule\clean_tmpdir.js next time will execute after 66753796ms at 2021-12-07 04:30:00.002
2021-12-06 09:57:26,206 INFO 18572 [Timer] C:\Users\cccatmint_Y\Desktop\docs\docs\egg相关\code\node_modules\egg-logrotator\app\schedule\clean_log.js next time will execute after 50553794ms at 2021-12-07 00:00:00.000
2021-12-06 09:57:26,206 INFO 18572 [Timer] C:\Users\cccatmint_Y\Desktop\docs\docs\egg相关\code\node_modules\egg-logrotator\app\schedule\rotate_by_file.js next time will execute after 50554794ms at 2021-12-07 00:00:01.000
2021-12-06 10:14:18,756 INFO 36896 [egg-schedule]: register schedule C:\Users\cccatmint_Y\Desktop\docs\docs\egg相关\code\node_modules\egg-multipart\app\schedule\clean_tmpdir.js
2021-12-06 10:14:18,756 INFO 36896 [egg-schedule]: register schedule C:\Users\cccatmint_Y\Desktop\docs\docs\egg相关\code\node_modules\egg-logrotator\app\schedule\clean_log.js
2021-12-06 10:14:18,756 INFO 36896 [egg-schedule]: register schedule C:\Users\cccatmint_Y\Desktop\docs\docs\egg相关\code\node_modules\egg-logrotator\app\schedule\rotate_by_file.js
2021-12-06 10:15:58,296 INFO 5100 [egg-schedule]: register schedule C:\Users\cccatmint_Y\Desktop\docs\docs\egg相关\code\node_modules\egg-multipart\app\schedule\clean_tmpdir.js
2021-12-06 10:15:58,296 INFO 5100 [egg-schedule]: register schedule C:\Users\cccatmint_Y\Desktop\docs\docs\egg相关\code\node_modules\egg-logrotator\app\schedule\clean_log.js
2021-12-06 10:15:58,296 INFO 5100 [egg-schedule]: register schedule C:\Users\cccatmint_Y\Desktop\docs\docs\egg相关\code\node_modules\egg-logrotator\app\schedule\rotate_by_file.js
2021-12-06 10:27:39,679 INFO 1152 [Timer] C:\Users\cccatmint_Y\Desktop\docs\docs\egg相关\code\node_modules\egg-multipart\app\schedule\clean_tmpdir.js next time will execute after 64940323ms at 2021-12-07 04:30:00.002
2021-12-06 10:27:39,679 INFO 1152 [Timer] C:\Users\cccatmint_Y\Desktop\docs\docs\egg相关\code\node_modules\egg-logrotator\app\schedule\clean_log.js next time will execute after 48740321ms at 2021-12-07 00:00:00.000
2021-12-06 10:27:39,679 INFO 1152 [Timer] C:\Users\cccatmint_Y\Desktop\docs\docs\egg相关\code\node_modules\egg-logrotator\app\schedule\rotate_by_file.js next time will execute after 48741321ms at 2021-12-07 00:00:01.000
2021-12-06 10:27:39,499 INFO 34892 [egg-schedule]: register schedule C:\Users\cccatmint_Y\Desktop\docs\docs\egg相关\code\node_modules\egg-multipart\app\schedule\clean_tmpdir.js
2021-12-06 10:27:39,499 INFO 34892 [egg-schedule]: register schedule C:\Users\cccatmint_Y\Desktop\docs\docs\egg相关\code\node_modules\egg-logrotator\app\schedule\clean_log.js
2021-12-06 10:27:39,499 INFO 34892 [egg-schedule]: register schedule C:\Users\cccatmint_Y\Desktop\docs\docs\egg相关\code\node_modules\egg-logrotator\app\schedule\rotate_by_file.js
2021-12-06 10:33:24,132 INFO 33672 [egg-schedule]: register schedule C:\Users\cccatmint_Y\Desktop\docs\docs\egg相关\code\node_modules\egg-multipart\app\schedule\clean_tmpdir.js
2021-12-06 10:33:24,132 INFO 33672 [egg-schedule]: register schedule C:\Users\cccatmint_Y\Desktop\docs\docs\egg相关\code\node_modules\egg-logrotator\app\schedule\clean_log.js
2021-12-06 10:33:24,132 INFO 33672 [egg-schedule]: register schedule C:\Users\cccatmint_Y\Desktop\docs\docs\egg相关\code\node_modules\egg-logrotator\app\schedule\rotate_by_file.js
2021-12-06 10:33:34,958 INFO 29380 [egg-schedule]: register schedule C:\Users\cccatmint_Y\Desktop\docs\docs\egg相关\code\node_modules\egg-multipart\app\schedule\clean_tmpdir.js
2021-12-06 10:33:34,958 INFO 29380 [egg-schedule]: register schedule C:\Users\cccatmint_Y\Desktop\docs\docs\egg相关\code\node_modules\egg-logrotator\app\schedule\clean_log.js
2021-12-06 10:33:34,958 INFO 29380 [egg-schedule]: register schedule C:\Users\cccatmint_Y\Desktop\docs\docs\egg相关\code\node_modules\egg-logrotator\app\schedule\rotate_by_file.js
2021-12-06 10:34:14,565 INFO 32008 [egg-schedule]: register schedule C:\Users\cccatmint_Y\Desktop\docs\docs\egg相关\code\node_modules\egg-multipart\app\schedule\clean_tmpdir.js
2021-12-06 10:34:14,565 INFO 32008 [egg-schedule]: register schedule C:\Users\cccatmint_Y\Desktop\docs\docs\egg相关\code\node_modules\egg-logrotator\app\schedule\clean_log.js
2021-12-06 10:34:14,565 INFO 32008 [egg-schedule]: register schedule C:\Users\cccatmint_Y\Desktop\docs\docs\egg相关\code\node_modules\egg-logrotator\app\schedule\rotate_by_file.js
2021-12-06 10:34:20,765 INFO 35628 [egg-schedule]: register schedule C:\Users\cccatmint_Y\Desktop\docs\docs\egg相关\code\node_modules\egg-multipart\app\schedule\clean_tmpdir.js
2021-12-06 10:34:20,765 INFO 35628 [egg-schedule]: register schedule C:\Users\cccatmint_Y\Desktop\docs\docs\egg相关\code\node_modules\egg-logrotator\app\schedule\clean_log.js
2021-12-06 10:34:20,765 INFO 35628 [egg-schedule]: register schedule C:\Users\cccatmint_Y\Desktop\docs\docs\egg相关\code\node_modules\egg-logrotator\app\schedule\rotate_by_file.js
2021-12-06 10:35:00,103 INFO 31872 [egg-schedule]: register schedule C:\Users\cccatmint_Y\Desktop\docs\docs\egg相关\code\node_modules\egg-multipart\app\schedule\clean_tmpdir.js
2021-12-06 10:35:00,103 INFO 31872 [egg-schedule]: register schedule C:\Users\cccatmint_Y\Desktop\docs\docs\egg相关\code\node_modules\egg-logrotator\app\schedule\clean_log.js
2021-12-06 10:35:00,103 INFO 31872 [egg-schedule]: register schedule C:\Users\cccatmint_Y\Desktop\docs\docs\egg相关\code\node_modules\egg-logrotator\app\schedule\rotate_by_file.js
2021-12-06 10:43:43,976 INFO 23244 [egg-schedule]: register schedule C:\Users\cccatmint_Y\Desktop\docs\docs\egg相关\code\node_modules\egg-multipart\app\schedule\clean_tmpdir.js
2021-12-06 10:43:43,976 INFO 23244 [egg-schedule]: register schedule C:\Users\cccatmint_Y\Desktop\docs\docs\egg相关\code\node_modules\egg-logrotator\app\schedule\clean_log.js
2021-12-06 10:43:43,976 INFO 23244 [egg-schedule]: register schedule C:\Users\cccatmint_Y\Desktop\docs\docs\egg相关\code\node_modules\egg-logrotator\app\schedule\rotate_by_file.js
2021-12-06 10:43:57,335 INFO 33744 [egg-schedule]: register schedule C:\Users\cccatmint_Y\Desktop\docs\docs\egg相关\code\node_modules\egg-multipart\app\schedule\clean_tmpdir.js
2021-12-06 10:43:57,335 INFO 33744 [egg-schedule]: register schedule C:\Users\cccatmint_Y\Desktop\docs\docs\egg相关\code\node_modules\egg-logrotator\app\schedule\clean_log.js
2021-12-06 10:43:57,335 INFO 33744 [egg-schedule]: register schedule C:\Users\cccatmint_Y\Desktop\docs\docs\egg相关\code\node_modules\egg-logrotator\app\schedule\rotate_by_file.js
2021-12-06 10:46:07,365 INFO 4844 [egg-schedule]: register schedule C:\Users\cccatmint_Y\Desktop\docs\docs\egg相关\code\node_modules\egg-multipart\app\schedule\clean_tmpdir.js
2021-12-06 10:46:07,365 INFO 4844 [egg-schedule]: register schedule C:\Users\cccatmint_Y\Desktop\docs\docs\egg相关\code\node_modules\egg-logrotator\app\schedule\clean_log.js
2021-12-06 10:46:07,365 INFO 4844 [egg-schedule]: register schedule C:\Users\cccatmint_Y\Desktop\docs\docs\egg相关\code\node_modules\egg-logrotator\app\schedule\rotate_by_file.js
2021-12-06 10:47:15,935 INFO 36376 [egg-schedule]: register schedule C:\Users\cccatmint_Y\Desktop\docs\docs\egg相关\code\node_modules\egg-multipart\app\schedule\clean_tmpdir.js
2021-12-06 10:47:15,935 INFO 36376 [egg-schedule]: register schedule C:\Users\cccatmint_Y\Desktop\docs\docs\egg相关\code\node_modules\egg-logrotator\app\schedule\clean_log.js
2021-12-06 10:47:15,936 INFO 36376 [egg-schedule]: register schedule C:\Users\cccatmint_Y\Desktop\docs\docs\egg相关\code\node_modules\egg-logrotator\app\schedule\rotate_by_file.js
2021-12-06 10:48:18,976 INFO 9564 [egg-schedule]: register schedule C:\Users\cccatmint_Y\Desktop\docs\docs\egg相关\code\node_modules\egg-multipart\app\schedule\clean_tmpdir.js
2021-12-06 10:48:18,976 INFO 9564 [egg-schedule]: register schedule C:\Users\cccatmint_Y\Desktop\docs\docs\egg相关\code\node_modules\egg-logrotator\app\schedule\clean_log.js
2021-12-06 10:48:18,976 INFO 9564 [egg-schedule]: register schedule C:\Users\cccatmint_Y\Desktop\docs\docs\egg相关\code\node_modules\egg-logrotator\app\schedule\rotate_by_file.js
2021-12-06 10:49:29,582 INFO 24044 [egg-schedule]: register schedule C:\Users\cccatmint_Y\Desktop\docs\docs\egg相关\code\node_modules\egg-multipart\app\schedule\clean_tmpdir.js
2021-12-06 10:49:29,582 INFO 24044 [egg-schedule]: register schedule C:\Users\cccatmint_Y\Desktop\docs\docs\egg相关\code\node_modules\egg-logrotator\app\schedule\clean_log.js
2021-12-06 10:49:29,583 INFO 24044 [egg-schedule]: register schedule C:\Users\cccatmint_Y\Desktop\docs\docs\egg相关\code\node_modules\egg-logrotator\app\schedule\rotate_by_file.js
2021-12-06 10:49:30,970 INFO 32516 [egg-schedule]: register schedule C:\Users\cccatmint_Y\Desktop\docs\docs\egg相关\code\node_modules\egg-multipart\app\schedule\clean_tmpdir.js
2021-12-06 10:49:30,970 INFO 32516 [egg-schedule]: register schedule C:\Users\cccatmint_Y\Desktop\docs\docs\egg相关\code\node_modules\egg-logrotator\app\schedule\clean_log.js
2021-12-06 10:49:30,970 INFO 32516 [egg-schedule]: register schedule C:\Users\cccatmint_Y\Desktop\docs\docs\egg相关\code\node_modules\egg-logrotator\app\schedule\rotate_by_file.js
2021-12-06 10:53:20,921 INFO 31908 [egg-schedule]: register schedule C:\Users\cccatmint_Y\Desktop\docs\docs\egg相关\code\node_modules\egg-multipart\app\schedule\clean_tmpdir.js
2021-12-06 10:53:20,922 INFO 31908 [egg-schedule]: register schedule C:\Users\cccatmint_Y\Desktop\docs\docs\egg相关\code\node_modules\egg-logrotator\app\schedule\clean_log.js
2021-12-06 10:53:20,922 INFO 31908 [egg-schedule]: register schedule C:\Users\cccatmint_Y\Desktop\docs\docs\egg相关\code\node_modules\egg-logrotator\app\schedule\rotate_by_file.js
2021-12-06 10:53:22,217 INFO 37092 [egg-schedule]: register schedule C:\Users\cccatmint_Y\Desktop\docs\docs\egg相关\code\node_modules\egg-multipart\app\schedule\clean_tmpdir.js
2021-12-06 10:53:22,217 INFO 37092 [egg-schedule]: register schedule C:\Users\cccatmint_Y\Desktop\docs\docs\egg相关\code\node_modules\egg-logrotator\app\schedule\clean_log.js
2021-12-06 10:53:22,217 INFO 37092 [egg-schedule]: register schedule C:\Users\cccatmint_Y\Desktop\docs\docs\egg相关\code\node_modules\egg-logrotator\app\schedule\rotate_by_file.js
2021-12-06 10:55:01,994 INFO 25672 [egg-schedule]: register schedule C:\Users\cccatmint_Y\Desktop\docs\docs\egg相关\code\node_modules\egg-multipart\app\schedule\clean_tmpdir.js
2021-12-06 10:55:01,994 INFO 25672 [egg-schedule]: register schedule C:\Users\cccatmint_Y\Desktop\docs\docs\egg相关\code\node_modules\egg-logrotator\app\schedule\clean_log.js
2021-12-06 10:55:01,995 INFO 25672 [egg-schedule]: register schedule C:\Users\cccatmint_Y\Desktop\docs\docs\egg相关\code\node_modules\egg-logrotator\app\schedule\rotate_by_file.js
2021-12-06 10:56:06,620 INFO 37460 [egg-schedule]: register schedule C:\Users\cccatmint_Y\Desktop\docs\docs\egg相关\code\node_modules\egg-multipart\app\schedule\clean_tmpdir.js
2021-12-06 10:56:06,620 INFO 37460 [egg-schedule]: register schedule C:\Users\cccatmint_Y\Desktop\docs\docs\egg相关\code\node_modules\egg-logrotator\app\schedule\clean_log.js
2021-12-06 10:56:06,621 INFO 37460 [egg-schedule]: register schedule C:\Users\cccatmint_Y\Desktop\docs\docs\egg相关\code\node_modules\egg-logrotator\app\schedule\rotate_by_file.js
2021-12-06 10:57:26,354 INFO 30688 [egg-schedule]: register schedule C:\Users\cccatmint_Y\Desktop\docs\docs\egg相关\code\node_modules\egg-multipart\app\schedule\clean_tmpdir.js
2021-12-06 10:57:26,354 INFO 30688 [egg-schedule]: register schedule C:\Users\cccatmint_Y\Desktop\docs\docs\egg相关\code\node_modules\egg-logrotator\app\schedule\clean_log.js
2021-12-06 10:57:26,354 INFO 30688 [egg-schedule]: register schedule C:\Users\cccatmint_Y\Desktop\docs\docs\egg相关\code\node_modules\egg-logrotator\app\schedule\rotate_by_file.js
2021-12-06 11:00:09,858 INFO 36644 [egg-schedule]: register schedule C:\Users\cccatmint_Y\Desktop\docs\docs\egg相关\code\node_modules\egg-multipart\app\schedule\clean_tmpdir.js
2021-12-06 11:00:09,858 INFO 36644 [egg-schedule]: register schedule C:\Users\cccatmint_Y\Desktop\docs\docs\egg相关\code\node_modules\egg-logrotator\app\schedule\clean_log.js
2021-12-06 11:00:09,858 INFO 36644 [egg-schedule]: register schedule C:\Users\cccatmint_Y\Desktop\docs\docs\egg相关\code\node_modules\egg-logrotator\app\schedule\rotate_by_file.js
2021-12-06 11:00:44,728 INFO 32680 [egg-schedule]: register schedule C:\Users\cccatmint_Y\Desktop\docs\docs\egg相关\code\node_modules\egg-multipart\app\schedule\clean_tmpdir.js
2021-12-06 11:00:44,728 INFO 32680 [egg-schedule]: register schedule C:\Users\cccatmint_Y\Desktop\docs\docs\egg相关\code\node_modules\egg-logrotator\app\schedule\clean_log.js
2021-12-06 11:00:44,728 INFO 32680 [egg-schedule]: register schedule C:\Users\cccatmint_Y\Desktop\docs\docs\egg相关\code\node_modules\egg-logrotator\app\schedule\rotate_by_file.js
2021-12-06 11:01:16,191 INFO 23996 [egg-schedule]: register schedule C:\Users\cccatmint_Y\Desktop\docs\docs\egg相关\code\node_modules\egg-multipart\app\schedule\clean_tmpdir.js
2021-12-06 11:01:16,191 INFO 23996 [egg-schedule]: register schedule C:\Users\cccatmint_Y\Desktop\docs\docs\egg相关\code\node_modules\egg-logrotator\app\schedule\clean_log.js
2021-12-06 11:01:16,191 INFO 23996 [egg-schedule]: register schedule C:\Users\cccatmint_Y\Desktop\docs\docs\egg相关\code\node_modules\egg-logrotator\app\schedule\rotate_by_file.js
2021-12-06 11:04:37,781 INFO 22852 [egg-schedule]: register schedule C:\Users\cccatmint_Y\Desktop\docs\docs\egg相关\code\node_modules\egg-multipart\app\schedule\clean_tmpdir.js
2021-12-06 11:04:37,781 INFO 22852 [egg-schedule]: register schedule C:\Users\cccatmint_Y\Desktop\docs\docs\egg相关\code\node_modules\egg-logrotator\app\schedule\clean_log.js
2021-12-06 11:04:37,781 INFO 22852 [egg-schedule]: register schedule C:\Users\cccatmint_Y\Desktop\docs\docs\egg相关\code\node_modules\egg-logrotator\app\schedule\rotate_by_file.js
2021-12-06 11:06:22,416 INFO 23656 [egg-schedule]: register schedule C:\Users\cccatmint_Y\Desktop\docs\docs\egg相关\code\node_modules\egg-multipart\app\schedule\clean_tmpdir.js
2021-12-06 11:06:22,416 INFO 23656 [egg-schedule]: register schedule C:\Users\cccatmint_Y\Desktop\docs\docs\egg相关\code\node_modules\egg-logrotator\app\schedule\clean_log.js
2021-12-06 11:06:22,416 INFO 23656 [egg-schedule]: register schedule C:\Users\cccatmint_Y\Desktop\docs\docs\egg相关\code\node_modules\egg-logrotator\app\schedule\rotate_by_file.js
2021-12-06 11:06:46,731 INFO 33672 [egg-schedule]: register schedule C:\Users\cccatmint_Y\Desktop\docs\docs\egg相关\code\node_modules\egg-multipart\app\schedule\clean_tmpdir.js
2021-12-06 11:06:46,731 INFO 33672 [egg-schedule]: register schedule C:\Users\cccatmint_Y\Desktop\docs\docs\egg相关\code\node_modules\egg-logrotator\app\schedule\clean_log.js
2021-12-06 11:06:46,731 INFO 33672 [egg-schedule]: register schedule C:\Users\cccatmint_Y\Desktop\docs\docs\egg相关\code\node_modules\egg-logrotator\app\schedule\rotate_by_file.js
2021-12-06 11:09:15,818 INFO 18396 [egg-schedule]: register schedule C:\Users\cccatmint_Y\Desktop\docs\docs\egg相关\code\node_modules\egg-multipart\app\schedule\clean_tmpdir.js
2021-12-06 11:09:15,818 INFO 18396 [egg-schedule]: register schedule C:\Users\cccatmint_Y\Desktop\docs\docs\egg相关\code\node_modules\egg-logrotator\app\schedule\clean_log.js
2021-12-06 11:09:15,818 INFO 18396 [egg-schedule]: register schedule C:\Users\cccatmint_Y\Desktop\docs\docs\egg相关\code\node_modules\egg-logrotator\app\schedule\rotate_by_file.js
2021-12-06 11:12:40,160 INFO 19892 [egg-schedule]: register schedule C:\Users\cccatmint_Y\Desktop\docs\docs\egg相关\code\node_modules\egg-multipart\app\schedule\clean_tmpdir.js
2021-12-06 11:12:40,160 INFO 19892 [egg-schedule]: register schedule C:\Users\cccatmint_Y\Desktop\docs\docs\egg相关\code\node_modules\egg-logrotator\app\schedule\clean_log.js
2021-12-06 11:12:40,160 INFO 19892 [egg-schedule]: register schedule C:\Users\cccatmint_Y\Desktop\docs\docs\egg相关\code\node_modules\egg-logrotator\app\schedule\rotate_by_file.js
2021-12-06 11:13:07,502 INFO 37056 [egg-schedule]: register schedule C:\Users\cccatmint_Y\Desktop\docs\docs\egg相关\code\node_modules\egg-multipart\app\schedule\clean_tmpdir.js
2021-12-06 11:13:07,502 INFO 37056 [egg-schedule]: register schedule C:\Users\cccatmint_Y\Desktop\docs\docs\egg相关\code\node_modules\egg-logrotator\app\schedule\clean_log.js
2021-12-06 11:13:07,502 INFO 37056 [egg-schedule]: register schedule C:\Users\cccatmint_Y\Desktop\docs\docs\egg相关\code\node_modules\egg-logrotator\app\schedule\rotate_by_file.js
2021-12-06 11:33:02,679 INFO 14964 [egg-schedule]: register schedule C:\Users\cccatmint_Y\Desktop\docs\docs\egg相关\code\node_modules\egg-multipart\app\schedule\clean_tmpdir.js
2021-12-06 11:33:02,679 INFO 14964 [egg-schedule]: register schedule C:\Users\cccatmint_Y\Desktop\docs\docs\egg相关\code\node_modules\egg-logrotator\app\schedule\clean_log.js
2021-12-06 11:33:02,679 INFO 14964 [egg-schedule]: register schedule C:\Users\cccatmint_Y\Desktop\docs\docs\egg相关\code\node_modules\egg-logrotator\app\schedule\rotate_by_file.js
2021-12-06 11:33:04,069 INFO 19552 [egg-schedule]: register schedule C:\Users\cccatmint_Y\Desktop\docs\docs\egg相关\code\node_modules\egg-multipart\app\schedule\clean_tmpdir.js
2021-12-06 11:33:04,069 INFO 19552 [egg-schedule]: register schedule C:\Users\cccatmint_Y\Desktop\docs\docs\egg相关\code\node_modules\egg-logrotator\app\schedule\clean_log.js
2021-12-06 11:33:04,069 INFO 19552 [egg-schedule]: register schedule C:\Users\cccatmint_Y\Desktop\docs\docs\egg相关\code\node_modules\egg-logrotator\app\schedule\rotate_by_file.js
2021-12-06 11:33:06,036 INFO 25912 [egg-schedule]: register schedule C:\Users\cccatmint_Y\Desktop\docs\docs\egg相关\code\node_modules\egg-multipart\app\schedule\clean_tmpdir.js
2021-12-06 11:33:06,036 INFO 25912 [egg-schedule]: register schedule C:\Users\cccatmint_Y\Desktop\docs\docs\egg相关\code\node_modules\egg-logrotator\app\schedule\clean_log.js
2021-12-06 11:33:06,037 INFO 25912 [egg-schedule]: register schedule C:\Users\cccatmint_Y\Desktop\docs\docs\egg相关\code\node_modules\egg-logrotator\app\schedule\rotate_by_file.js
2021-12-06 11:33:12,080 INFO 33192 [egg-schedule]: register schedule C:\Users\cccatmint_Y\Desktop\docs\docs\egg相关\code\node_modules\egg-multipart\app\schedule\clean_tmpdir.js
2021-12-06 11:33:12,080 INFO 33192 [egg-schedule]: register schedule C:\Users\cccatmint_Y\Desktop\docs\docs\egg相关\code\node_modules\egg-logrotator\app\schedule\clean_log.js
2021-12-06 11:33:12,080 INFO 33192 [egg-schedule]: register schedule C:\Users\cccatmint_Y\Desktop\docs\docs\egg相关\code\node_modules\egg-logrotator\app\schedule\rotate_by_file.js
2021-12-06 11:34:19,516 INFO 19568 [egg-schedule]: register schedule C:\Users\cccatmint_Y\Desktop\docs\docs\egg相关\code\node_modules\egg-multipart\app\schedule\clean_tmpdir.js
2021-12-06 11:34:19,516 INFO 19568 [egg-schedule]: register schedule C:\Users\cccatmint_Y\Desktop\docs\docs\egg相关\code\node_modules\egg-logrotator\app\schedule\clean_log.js
2021-12-06 11:34:19,517 INFO 19568 [egg-schedule]: register schedule C:\Users\cccatmint_Y\Desktop\docs\docs\egg相关\code\node_modules\egg-logrotator\app\schedule\rotate_by_file.js
2021-12-06 11:35:01,727 INFO 35344 [egg-schedule]: register schedule C:\Users\cccatmint_Y\Desktop\docs\docs\egg相关\code\node_modules\egg-multipart\app\schedule\clean_tmpdir.js
2021-12-06 11:35:01,727 INFO 35344 [egg-schedule]: register schedule C:\Users\cccatmint_Y\Desktop\docs\docs\egg相关\code\node_modules\egg-logrotator\app\schedule\clean_log.js
2021-12-06 11:35:01,727 INFO 35344 [egg-schedule]: register schedule C:\Users\cccatmint_Y\Desktop\docs\docs\egg相关\code\node_modules\egg-logrotator\app\schedule\rotate_by_file.js
2021-12-06 11:35:16,666 INFO 32600 [egg-schedule]: register schedule C:\Users\cccatmint_Y\Desktop\docs\docs\egg相关\code\node_modules\egg-multipart\app\schedule\clean_tmpdir.js
2021-12-06 11:35:16,666 INFO 32600 [egg-schedule]: register schedule C:\Users\cccatmint_Y\Desktop\docs\docs\egg相关\code\node_modules\egg-logrotator\app\schedule\clean_log.js
2021-12-06 11:35:16,666 INFO 32600 [egg-schedule]: register schedule C:\Users\cccatmint_Y\Desktop\docs\docs\egg相关\code\node_modules\egg-logrotator\app\schedule\rotate_by_file.js
2021-12-06 11:36:02,679 INFO 28624 [egg-schedule]: register schedule C:\Users\cccatmint_Y\Desktop\docs\docs\egg相关\code\node_modules\egg-multipart\app\schedule\clean_tmpdir.js
2021-12-06 11:36:02,679 INFO 28624 [egg-schedule]: register schedule C:\Users\cccatmint_Y\Desktop\docs\docs\egg相关\code\node_modules\egg-logrotator\app\schedule\clean_log.js
2021-12-06 11:36:02,679 INFO 28624 [egg-schedule]: register schedule C:\Users\cccatmint_Y\Desktop\docs\docs\egg相关\code\node_modules\egg-logrotator\app\schedule\rotate_by_file.js
2021-12-06 11:36:22,673 INFO 30412 [egg-schedule]: register schedule C:\Users\cccatmint_Y\Desktop\docs\docs\egg相关\code\node_modules\egg-multipart\app\schedule\clean_tmpdir.js
2021-12-06 11:36:22,673 INFO 30412 [egg-schedule]: register schedule C:\Users\cccatmint_Y\Desktop\docs\docs\egg相关\code\node_modules\egg-logrotator\app\schedule\clean_log.js
2021-12-06 11:36:22,673 INFO 30412 [egg-schedule]: register schedule C:\Users\cccatmint_Y\Desktop\docs\docs\egg相关\code\node_modules\egg-logrotator\app\schedule\rotate_by_file.js
2021-12-06 11:37:18,812 INFO 37340 [egg-schedule]: register schedule C:\Users\cccatmint_Y\Desktop\docs\docs\egg相关\code\node_modules\egg-multipart\app\schedule\clean_tmpdir.js
2021-12-06 11:37:18,812 INFO 37340 [egg-schedule]: register schedule C:\Users\cccatmint_Y\Desktop\docs\docs\egg相关\code\node_modules\egg-logrotator\app\schedule\clean_log.js
2021-12-06 11:37:18,812 INFO 37340 [egg-schedule]: register schedule C:\Users\cccatmint_Y\Desktop\docs\docs\egg相关\code\node_modules\egg-logrotator\app\schedule\rotate_by_file.js
2021-12-06 11:37:24,497 INFO 24996 [egg-schedule]: register schedule C:\Users\cccatmint_Y\Desktop\docs\docs\egg相关\code\node_modules\egg-multipart\app\schedule\clean_tmpdir.js
2021-12-06 11:37:24,497 INFO 24996 [egg-schedule]: register schedule C:\Users\cccatmint_Y\Desktop\docs\docs\egg相关\code\node_modules\egg-logrotator\app\schedule\clean_log.js
2021-12-06 11:37:24,497 INFO 24996 [egg-schedule]: register schedule C:\Users\cccatmint_Y\Desktop\docs\docs\egg相关\code\node_modules\egg-logrotator\app\schedule\rotate_by_file.js
2021-12-06 11:39:51,000 INFO 25756 [egg-schedule]: register schedule C:\Users\cccatmint_Y\Desktop\docs\docs\egg相关\code\node_modules\egg-multipart\app\schedule\clean_tmpdir.js
2021-12-06 11:39:51,000 INFO 25756 [egg-schedule]: register schedule C:\Users\cccatmint_Y\Desktop\docs\docs\egg相关\code\node_modules\egg-logrotator\app\schedule\clean_log.js
2021-12-06 11:39:51,000 INFO 25756 [egg-schedule]: register schedule C:\Users\cccatmint_Y\Desktop\docs\docs\egg相关\code\node_modules\egg-logrotator\app\schedule\rotate_by_file.js
2021-12-06 11:42:37,142 INFO 37364 [Timer] C:\Users\cccatmint_Y\Desktop\docs\docs\egg相关\code\node_modules\egg-multipart\app\schedule\clean_tmpdir.js next time will execute after 60442860ms at 2021-12-07 04:30:00.002
2021-12-06 11:42:37,142 INFO 37364 [Timer] C:\Users\cccatmint_Y\Desktop\docs\docs\egg相关\code\node_modules\egg-logrotator\app\schedule\clean_log.js next time will execute after 44242858ms at 2021-12-07 00:00:00.000
2021-12-06 11:42:37,142 INFO 37364 [Timer] C:\Users\cccatmint_Y\Desktop\docs\docs\egg相关\code\node_modules\egg-logrotator\app\schedule\rotate_by_file.js next time will execute after 44243858ms at 2021-12-07 00:00:01.000
2021-12-06 11:42:36,962 INFO 25048 [egg-schedule]: register schedule C:\Users\cccatmint_Y\Desktop\docs\docs\egg相关\code\node_modules\egg-multipart\app\schedule\clean_tmpdir.js
2021-12-06 11:42:36,962 INFO 25048 [egg-schedule]: register schedule C:\Users\cccatmint_Y\Desktop\docs\docs\egg相关\code\node_modules\egg-logrotator\app\schedule\clean_log.js
2021-12-06 11:42:36,962 INFO 25048 [egg-schedule]: register schedule C:\Users\cccatmint_Y\Desktop\docs\docs\egg相关\code\node_modules\egg-logrotator\app\schedule\rotate_by_file.js
2021-12-06 11:43:10,106 INFO 4100 [egg-schedule]: register schedule C:\Users\cccatmint_Y\Desktop\docs\docs\egg相关\code\node_modules\egg-multipart\app\schedule\clean_tmpdir.js
2021-12-06 11:43:10,106 INFO 4100 [egg-schedule]: register schedule C:\Users\cccatmint_Y\Desktop\docs\docs\egg相关\code\node_modules\egg-logrotator\app\schedule\clean_log.js
2021-12-06 11:43:10,107 INFO 4100 [egg-schedule]: register schedule C:\Users\cccatmint_Y\Desktop\docs\docs\egg相关\code\node_modules\egg-logrotator\app\schedule\rotate_by_file.js
